<?xml version="1.0" encoding="UTF-8"?>
<!-- Generated by org.testng.reporters.JUnitReportReporter -->
<testsuite hostname="DESKTOP-FJRQFLH" failures="0" tests="1" name="com.assignment9.RealDevice_APIDemo" time="5.644" errors="0" timestamp="2024-10-15T14:26:44 IST" skipped="0">
  <testcase classname="com.assignment9.RealDevice_APIDemo" name="openAPIDemo" time="5.644"/>
</testsuite> <!-- com.assignment9.RealDevice_APIDemo -->
