<?xml version="1.0" encoding="UTF-8"?>
<!-- Generated by org.testng.reporters.JUnitReportReporter -->
<testsuite hostname="DESKTOP-FJRQFLH" failures="0" tests="2" name="com.assignment9.Emulator_GeneralStore" time="9.608" errors="1" timestamp="2024-10-15T12:47:27 IST" skipped="1">
  <testcase classname="com.assignment9.Emulator_GeneralStore" name="store" time="0.000">
    <skipped/>
  </testcase> <!-- store -->
  <testcase classname="com.assignment9.Emulator_GeneralStore" name="before" time="9.608">
    <error message="Could not start a new session. Response code 500. Message: An unknown server-side error occurred while processing the command. Original error: Error executing adbExec. Original error: &#039;Command &#039;C:\\Users\\Admin\\AppData\\Local\\Android\\Sdk\\platform-tools\\adb.exe -P 5037 -s X4DIIV4TZPWGNJQ4 install &#039;D:\\Appium\\apk file\\General-Store.apk&#039;&#039; exited with code 1&#039;; Command output: adb: failed to install D:\Appium\apk file\General-Store.apk: Failure [INSTALL_FAILED_VERIFICATION_FAILURE: Install not allowed]
 
Host info: host: &#039;DESKTOP-FJRQFLH&#039;, ip: &#039;192.168.1.48&#039;
Build info: version: &#039;4.13.0&#039;, revision: &#039;ba948ece5b*&#039;
System info: os.name: &#039;Windows 10&#039;, os.arch: &#039;amd64&#039;, os.version: &#039;10.0&#039;, java.version: &#039;22.0.2&#039;
Driver info: io.appium.java_client.android.AndroidDriver
Command: [null, newSession {capabilities=[{appium:deviceName=Swara, platformName=ANDROID, appium:automationName=UIAutomator2, appium:app=D:\Appium\apk file\General-Store.apk}], desiredCapabilities=Capabilities {appium:app: D:\Appium\apk file\General-..., appium:automationName: UIAutomator2, appium:deviceName: Swara, platformName: ANDROID}}]
Capabilities {appium:app: D:\Appium\apk file\General-..., appium:automationName: UIAutomator2, appium:deviceName: Swara, platformName: ANDROID}" type="org.openqa.selenium.SessionNotCreatedException">
      <![CDATA[org.openqa.selenium.SessionNotCreatedException: Could not start a new session. Response code 500. Message: An unknown server-side error occurred while processing the command. Original error: Error executing adbExec. Original error: 'Command 'C:\\Users\\Admin\\AppData\\Local\\Android\\Sdk\\platform-tools\\adb.exe -P 5037 -s X4DIIV4TZPWGNJQ4 install 'D:\\Appium\\apk file\\General-Store.apk'' exited with code 1'; Command output: adb: failed to install D:\Appium\apk file\General-Store.apk: Failure [INSTALL_FAILED_VERIFICATION_FAILURE: Install not allowed]
 
Host info: host: 'DESKTOP-FJRQFLH', ip: '192.168.1.48'
Build info: version: '4.13.0', revision: 'ba948ece5b*'
System info: os.name: 'Windows 10', os.arch: 'amd64', os.version: '10.0', java.version: '22.0.2'
Driver info: io.appium.java_client.android.AndroidDriver
Command: [null, newSession {capabilities=[{appium:deviceName=Swara, platformName=ANDROID, appium:automationName=UIAutomator2, appium:app=D:\Appium\apk file\General-Store.apk}], desiredCapabilities=Capabilities {appium:app: D:\Appium\apk file\General-..., appium:automationName: UIAutomator2, appium:deviceName: Swara, platformName: ANDROID}}]
Capabilities {appium:app: D:\Appium\apk file\General-..., appium:automationName: UIAutomator2, appium:deviceName: Swara, platformName: ANDROID}
at org.openqa.selenium.remote.ProtocolHandshake.createSession(ProtocolHandshake.java:140)
at java.base/jdk.internal.reflect.DirectMethodHandleAccessor.invoke(DirectMethodHandleAccessor.java:103)
at java.base/java.lang.reflect.Method.invoke(Method.java:580)
at io.appium.java_client.remote.AppiumProtocolHandshake.createSession(AppiumProtocolHandshake.java:133)
at io.appium.java_client.remote.AppiumProtocolHandshake.createSession(AppiumProtocolHandshake.java:102)
at io.appium.java_client.remote.AppiumCommandExecutor.createSession(AppiumCommandExecutor.java:182)
at io.appium.java_client.remote.AppiumCommandExecutor.execute(AppiumCommandExecutor.java:250)
at org.openqa.selenium.remote.RemoteWebDriver.execute(RemoteWebDriver.java:602)
at io.appium.java_client.AppiumDriver.startSession(AppiumDriver.java:274)
at org.openqa.selenium.remote.RemoteWebDriver.<init>(RemoteWebDriver.java:163)
at io.appium.java_client.AppiumDriver.<init>(AppiumDriver.java:89)
at io.appium.java_client.AppiumDriver.<init>(AppiumDriver.java:101)
at io.appium.java_client.android.AndroidDriver.<init>(AndroidDriver.java:113)
at com.assignment9.Emulator_GeneralStore.before(Emulator_GeneralStore.java:39)
at java.base/jdk.internal.reflect.DirectMethodHandleAccessor.invoke(DirectMethodHandleAccessor.java:103)
at java.base/java.lang.reflect.Method.invoke(Method.java:580)
at org.testng.internal.invokers.MethodInvocationHelper.invokeMethod(MethodInvocationHelper.java:139)
at org.testng.internal.invokers.MethodInvocationHelper.invokeMethodConsideringTimeout(MethodInvocationHelper.java:69)
at org.testng.internal.invokers.ConfigInvoker.invokeConfigurationMethod(ConfigInvoker.java:390)
at org.testng.internal.invokers.ConfigInvoker.invokeConfigurations(ConfigInvoker.java:325)
at org.testng.TestRunner.invokeTestConfigurations(TestRunner.java:663)
at org.testng.TestRunner.beforeRun(TestRunner.java:652)
at org.testng.TestRunner.run(TestRunner.java:614)
at org.testng.SuiteRunner.runTest(SuiteRunner.java:443)
at org.testng.SuiteRunner.runSequentially(SuiteRunner.java:437)
at org.testng.SuiteRunner.privateRun(SuiteRunner.java:397)
at org.testng.SuiteRunner.run(SuiteRunner.java:336)
at org.testng.SuiteRunnerWorker.runSuite(SuiteRunnerWorker.java:52)
at org.testng.SuiteRunnerWorker.run(SuiteRunnerWorker.java:95)
at org.testng.TestNG.runSuitesSequentially(TestNG.java:1280)
at org.testng.TestNG.runSuitesLocally(TestNG.java:1200)
at org.testng.TestNG.runSuites(TestNG.java:1114)
at org.testng.TestNG.run(TestNG.java:1082)
at org.testng.remote.AbstractRemoteTestNG.run(AbstractRemoteTestNG.java:115)
at org.testng.remote.RemoteTestNG.initAndRun(RemoteTestNG.java:293)
at org.testng.remote.RemoteTestNG.main(RemoteTestNG.java:91)
]]>
    </error>
  </testcase> <!-- before -->
</testsuite> <!-- com.assignment9.Emulator_GeneralStore -->
